<?xml version="1.0" encoding="UTF-8"?>
<!-- Generated by org.testng.reporters.JUnitReportReporter -->
<testsuite hostname="amusale-lt" failures="0" tests="4" name="tests.BookFlight" time="12.065" errors="0" timestamp="2021-08-15T15:42:57 IST" skipped="0">
  <testcase classname="tests.BookFlight" name="purchaseFlightTicket" time="3.740"/>
  <system-out/>
  <testcase classname="tests.BookFlight" name="bookingConfirmed" time="0.086"/>
  <system-out/>
  <testcase classname="tests.BookFlight" name="chooseLowestPricedAirline" time="1.167"/>
  <system-out/>
  <testcase classname="tests.BookFlight" name="searchForFlights" time="7.072"/>
  <system-out/>
</testsuite> <!-- tests.BookFlight -->
